[31-Mar-2025 21:00:53 UTC] PHP Warning:  Undefined array key "host" in /workspaces/assignment-4/.wordpress/wp-includes/pluggable.php on line 1625
[02-Apr-2025 15:54:59 UTC] PHP Warning:  Attempt to read property "queue" on null in /workspaces/assignment-4/.wordpress/wp-includes/class-wp-oembed-controller.php on line 211
[02-Apr-2025 15:54:59 UTC] PHP Warning:  foreach() argument must be of type array|object, null given in /workspaces/assignment-4/.wordpress/wp-includes/class-wp-oembed-controller.php on line 211
[02-Apr-2025 16:59:21 UTC] PHP Warning:  Undefined variable $parent_theme_name in /workspaces/assignment-4/.wordpress/wp-content/mu-plugins/one-click-child-theme/templates/create_child_form.php on line 18
[02-Apr-2025 16:59:22 UTC] PHP Warning:  Undefined variable $parent_theme_name in /workspaces/assignment-4/.wordpress/wp-content/mu-plugins/one-click-child-theme/templates/create_child_form.php on line 18
[02-Apr-2025 22:16:33 UTC] PHP Fatal error:  Out of memory (allocated 44040192) (tried to allocate 233472 bytes) in /workspaces/assignment-4/.wordpress/wp-includes/class-wp-scripts.php on line 524
[02-Apr-2025 22:16:42 UTC] PHP Fatal error:  Out of memory (allocated 39845888) (tried to allocate 2097152 bytes) in /workspaces/assignment-4/.wordpress/wp-content/plugins/ecommerce-product-catalog/includes/class-ic-sitewide-bar.php on line 111
[02-Apr-2025 22:16:42 UTC] PHP Fatal error:  Uncaught Error: Call to undefined function ic_products_count() in /workspaces/assignment-4/.wordpress/wp-content/plugins/ecommerce-product-catalog/includes/tracking.php:117
Stack trace:
#0 /workspaces/assignment-4/.wordpress/wp-content/plugins/ecommerce-product-catalog/includes/tracking.php(551): IC_EPC_Tracking->setup_data()
#1 /workspaces/assignment-4/.wordpress/wp-content/plugins/ecommerce-product-catalog/includes/tracking.php(481): IC_EPC_Tracking->send_paused_checkin(Array, true)
#2 [internal function]: IC_EPC_Tracking->fatal()
#3 {main}
  thrown in /workspaces/assignment-4/.wordpress/wp-content/plugins/ecommerce-product-catalog/includes/tracking.php on line 117
[02-Apr-2025 22:16:53 UTC] PHP Fatal error:  Out of memory (allocated 35651584) (tried to allocate 2097152 bytes) in /workspaces/assignment-4/.wordpress/wp-content/plugins/ecommerce-product-catalog/includes/class-ic-sitewide-bar.php on line 111
[02-Apr-2025 22:16:53 UTC] PHP Fatal error:  Uncaught Error: Call to undefined function ic_products_count() in /workspaces/assignment-4/.wordpress/wp-content/plugins/ecommerce-product-catalog/includes/tracking.php:117
Stack trace:
#0 /workspaces/assignment-4/.wordpress/wp-content/plugins/ecommerce-product-catalog/includes/tracking.php(551): IC_EPC_Tracking->setup_data()
#1 /workspaces/assignment-4/.wordpress/wp-content/plugins/ecommerce-product-catalog/includes/tracking.php(481): IC_EPC_Tracking->send_paused_checkin(Array, true)
#2 [internal function]: IC_EPC_Tracking->fatal()
#3 {main}
  thrown in /workspaces/assignment-4/.wordpress/wp-content/plugins/ecommerce-product-catalog/includes/tracking.php on line 117
[02-Apr-2025 22:16:56 UTC] PHP Fatal error:  Out of memory (allocated 33554432) (tried to allocate 2097152 bytes) in /workspaces/assignment-4/.wordpress/wp-content/plugins/ecommerce-product-catalog/includes/class-ic-sitewide-bar.php on line 111
[02-Apr-2025 22:16:56 UTC] PHP Fatal error:  Uncaught Error: Call to undefined function ic_products_count() in /workspaces/assignment-4/.wordpress/wp-content/plugins/ecommerce-product-catalog/includes/tracking.php:117
Stack trace:
#0 /workspaces/assignment-4/.wordpress/wp-content/plugins/ecommerce-product-catalog/includes/tracking.php(551): IC_EPC_Tracking->setup_data()
#1 /workspaces/assignment-4/.wordpress/wp-content/plugins/ecommerce-product-catalog/includes/tracking.php(481): IC_EPC_Tracking->send_paused_checkin(Array, true)
#2 [internal function]: IC_EPC_Tracking->fatal()
#3 {main}
  thrown in /workspaces/assignment-4/.wordpress/wp-content/plugins/ecommerce-product-catalog/includes/tracking.php on line 117
[02-Apr-2025 22:16:58 UTC] PHP Fatal error:  Out of memory (allocated 31457280) (tried to allocate 2097152 bytes) in /workspaces/assignment-4/.wordpress/wp-content/plugins/ecommerce-product-catalog/includes/blocks/index.php on line 88
[02-Apr-2025 22:16:58 UTC] PHP Fatal error:  Uncaught Error: Call to undefined function ic_products_count() in /workspaces/assignment-4/.wordpress/wp-content/plugins/ecommerce-product-catalog/includes/tracking.php:117
Stack trace:
#0 /workspaces/assignment-4/.wordpress/wp-content/plugins/ecommerce-product-catalog/includes/tracking.php(551): IC_EPC_Tracking->setup_data()
#1 /workspaces/assignment-4/.wordpress/wp-content/plugins/ecommerce-product-catalog/includes/tracking.php(481): IC_EPC_Tracking->send_paused_checkin(Array, true)
#2 [internal function]: IC_EPC_Tracking->fatal()
#3 {main}
  thrown in /workspaces/assignment-4/.wordpress/wp-content/plugins/ecommerce-product-catalog/includes/tracking.php on line 117
[02-Apr-2025 22:17:00 UTC] PHP Fatal error:  Out of memory (allocated 31457280) (tried to allocate 2097152 bytes) in /workspaces/assignment-4/.wordpress/wp-content/plugins/ecommerce-product-catalog/includes/class-ic-sitewide-bar.php on line 111
[02-Apr-2025 22:17:00 UTC] PHP Fatal error:  Uncaught Error: Call to undefined function ic_products_count() in /workspaces/assignment-4/.wordpress/wp-content/plugins/ecommerce-product-catalog/includes/tracking.php:117
Stack trace:
#0 /workspaces/assignment-4/.wordpress/wp-content/plugins/ecommerce-product-catalog/includes/tracking.php(551): IC_EPC_Tracking->setup_data()
#1 /workspaces/assignment-4/.wordpress/wp-content/plugins/ecommerce-product-catalog/includes/tracking.php(481): IC_EPC_Tracking->send_paused_checkin(Array, true)
#2 [internal function]: IC_EPC_Tracking->fatal()
#3 {main}
  thrown in /workspaces/assignment-4/.wordpress/wp-content/plugins/ecommerce-product-catalog/includes/tracking.php on line 117
[02-Apr-2025 22:18:06 UTC] PHP Fatal error:  Out of memory (allocated 31457280) (tried to allocate 2097152 bytes) in /workspaces/assignment-4/.wordpress/wp-content/plugins/ecommerce-product-catalog/includes/class-ic-sitewide-bar.php on line 111
[02-Apr-2025 22:18:06 UTC] PHP Fatal error:  Uncaught Error: Call to undefined function ic_products_count() in /workspaces/assignment-4/.wordpress/wp-content/plugins/ecommerce-product-catalog/includes/tracking.php:117
Stack trace:
#0 /workspaces/assignment-4/.wordpress/wp-content/plugins/ecommerce-product-catalog/includes/tracking.php(551): IC_EPC_Tracking->setup_data()
#1 /workspaces/assignment-4/.wordpress/wp-content/plugins/ecommerce-product-catalog/includes/tracking.php(481): IC_EPC_Tracking->send_paused_checkin(Array, true)
#2 [internal function]: IC_EPC_Tracking->fatal()
#3 {main}
  thrown in /workspaces/assignment-4/.wordpress/wp-content/plugins/ecommerce-product-catalog/includes/tracking.php on line 117
[02-Apr-2025 22:18:16 UTC] PHP Fatal error:  Out of memory (allocated 31457280) (tried to allocate 2097152 bytes) in /workspaces/assignment-4/.wordpress/wp-content/plugins/ecommerce-product-catalog/includes/class-ic-sitewide-bar.php on line 111
[02-Apr-2025 22:18:16 UTC] PHP Fatal error:  Uncaught Error: Call to undefined function ic_products_count() in /workspaces/assignment-4/.wordpress/wp-content/plugins/ecommerce-product-catalog/includes/tracking.php:117
Stack trace:
#0 /workspaces/assignment-4/.wordpress/wp-content/plugins/ecommerce-product-catalog/includes/tracking.php(551): IC_EPC_Tracking->setup_data()
#1 /workspaces/assignment-4/.wordpress/wp-content/plugins/ecommerce-product-catalog/includes/tracking.php(481): IC_EPC_Tracking->send_paused_checkin(Array, true)
#2 [internal function]: IC_EPC_Tracking->fatal()
#3 {main}
  thrown in /workspaces/assignment-4/.wordpress/wp-content/plugins/ecommerce-product-catalog/includes/tracking.php on line 117
[02-Apr-2025 22:18:24 UTC] PHP Fatal error:  Out of memory (allocated 31457280) (tried to allocate 2097152 bytes) in /workspaces/assignment-4/.wordpress/wp-content/plugins/ecommerce-product-catalog/includes/blocks/index.php on line 76
[02-Apr-2025 22:18:24 UTC] PHP Fatal error:  Uncaught Error: Call to undefined function ic_products_count() in /workspaces/assignment-4/.wordpress/wp-content/plugins/ecommerce-product-catalog/includes/tracking.php:117
Stack trace:
#0 /workspaces/assignment-4/.wordpress/wp-content/plugins/ecommerce-product-catalog/includes/tracking.php(551): IC_EPC_Tracking->setup_data()
#1 /workspaces/assignment-4/.wordpress/wp-content/plugins/ecommerce-product-catalog/includes/tracking.php(481): IC_EPC_Tracking->send_paused_checkin(Array, true)
#2 [internal function]: IC_EPC_Tracking->fatal()
#3 {main}
  thrown in /workspaces/assignment-4/.wordpress/wp-content/plugins/ecommerce-product-catalog/includes/tracking.php on line 117
[02-Apr-2025 22:18:34 UTC] PHP Fatal error:  Out of memory (allocated 31457280) (tried to allocate 2097152 bytes) in /workspaces/assignment-4/.wordpress/wp-content/plugins/ecommerce-product-catalog/includes/blocks/index.php on line 88
[02-Apr-2025 22:18:34 UTC] PHP Fatal error:  Uncaught Error: Call to undefined function ic_products_count() in /workspaces/assignment-4/.wordpress/wp-content/plugins/ecommerce-product-catalog/includes/tracking.php:117
Stack trace:
#0 /workspaces/assignment-4/.wordpress/wp-content/plugins/ecommerce-product-catalog/includes/tracking.php(551): IC_EPC_Tracking->setup_data()
#1 /workspaces/assignment-4/.wordpress/wp-content/plugins/ecommerce-product-catalog/includes/tracking.php(481): IC_EPC_Tracking->send_paused_checkin(Array, true)
#2 [internal function]: IC_EPC_Tracking->fatal()
#3 {main}
  thrown in /workspaces/assignment-4/.wordpress/wp-content/plugins/ecommerce-product-catalog/includes/tracking.php on line 117
[02-Apr-2025 22:18:36 UTC] PHP Fatal error:  Out of memory (allocated 31457280) (tried to allocate 2097152 bytes) in /workspaces/assignment-4/.wordpress/wp-content/plugins/ecommerce-product-catalog/includes/blocks/index.php on line 88
[02-Apr-2025 22:18:36 UTC] PHP Fatal error:  Uncaught Error: Call to undefined function ic_products_count() in /workspaces/assignment-4/.wordpress/wp-content/plugins/ecommerce-product-catalog/includes/tracking.php:117
Stack trace:
#0 /workspaces/assignment-4/.wordpress/wp-content/plugins/ecommerce-product-catalog/includes/tracking.php(551): IC_EPC_Tracking->setup_data()
#1 /workspaces/assignment-4/.wordpress/wp-content/plugins/ecommerce-product-catalog/includes/tracking.php(481): IC_EPC_Tracking->send_paused_checkin(Array, true)
#2 [internal function]: IC_EPC_Tracking->fatal()
#3 {main}
  thrown in /workspaces/assignment-4/.wordpress/wp-content/plugins/ecommerce-product-catalog/includes/tracking.php on line 117
[02-Apr-2025 22:18:37 UTC] PHP Fatal error:  Out of memory (allocated 31457280) (tried to allocate 2097152 bytes) in /workspaces/assignment-4/.wordpress/wp-content/plugins/ecommerce-product-catalog/includes/blocks/index.php on line 88
[02-Apr-2025 22:18:37 UTC] PHP Fatal error:  Uncaught Error: Call to undefined function ic_products_count() in /workspaces/assignment-4/.wordpress/wp-content/plugins/ecommerce-product-catalog/includes/tracking.php:117
Stack trace:
#0 /workspaces/assignment-4/.wordpress/wp-content/plugins/ecommerce-product-catalog/includes/tracking.php(551): IC_EPC_Tracking->setup_data()
#1 /workspaces/assignment-4/.wordpress/wp-content/plugins/ecommerce-product-catalog/includes/tracking.php(481): IC_EPC_Tracking->send_paused_checkin(Array, true)
#2 [internal function]: IC_EPC_Tracking->fatal()
#3 {main}
  thrown in /workspaces/assignment-4/.wordpress/wp-content/plugins/ecommerce-product-catalog/includes/tracking.php on line 117
[02-Apr-2025 22:18:50 UTC] PHP Fatal error:  Out of memory (allocated 31457280) (tried to allocate 2097152 bytes) in /workspaces/assignment-4/.wordpress/wp-content/plugins/ecommerce-product-catalog/includes/blocks/block-edit.php on line 70
[02-Apr-2025 22:18:50 UTC] PHP Fatal error:  Uncaught Error: Call to undefined function ic_products_count() in /workspaces/assignment-4/.wordpress/wp-content/plugins/ecommerce-product-catalog/includes/tracking.php:117
Stack trace:
#0 /workspaces/assignment-4/.wordpress/wp-content/plugins/ecommerce-product-catalog/includes/tracking.php(551): IC_EPC_Tracking->setup_data()
#1 /workspaces/assignment-4/.wordpress/wp-content/plugins/ecommerce-product-catalog/includes/tracking.php(481): IC_EPC_Tracking->send_paused_checkin(Array, true)
#2 [internal function]: IC_EPC_Tracking->fatal()
#3 {main}
  thrown in /workspaces/assignment-4/.wordpress/wp-content/plugins/ecommerce-product-catalog/includes/tracking.php on line 117
